<?xml version="1.0" encoding="UTF-8"?>
<!-- Generated by org.testng.reporters.JUnitReportReporter -->
<testsuite hostname="Anjalis-MacBook-Pro.local" name="testScripts.VerifyCreateAccount" tests="1" failures="0" timestamp="31 Jan 2018 00:34:12 GMT" time="7.602" errors="0">
  <testcase name="checkCreateAccount" time="7.602" classname="testScripts.VerifyCreateAccount"/>
</testsuite> <!-- testScripts.VerifyCreateAccount -->
