<?xml version="1.0" encoding="UTF-8"?>
<!-- Generated by org.testng.reporters.JUnitReportReporter -->
<testsuite hostname="Anjalis-MacBook-Pro.local" name="testScripts.eGiftCards" tests="1" failures="0" timestamp="29 Jan 2018 21:54:00 GMT" time="11.570" errors="0">
  <testcase name="TC_02_eGiftCards" time="11.570" classname="testScripts.eGiftCards"/>
</testsuite> <!-- testScripts.eGiftCards -->
