<?xml version="1.0" encoding="UTF-8"?>
<!-- Generated by org.testng.reporters.JUnitReportReporter -->
<testsuite hostname="Anjalis-MacBook-Pro.local" name="testScripts.CreateAccount" tests="1" failures="0" timestamp="29 Jan 2018 21:54:00 GMT" time="8.368" errors="0">
  <testcase name="TC_01_CreateAccount" time="8.368" classname="testScripts.CreateAccount"/>
</testsuite> <!-- testScripts.CreateAccount -->
