<?xml version="1.0" encoding="UTF-8"?>
<!-- Generated by org.testng.reporters.JUnitReportReporter -->
<testsuite hostname="Anjalis-MacBook-Pro.local" name="testScripts.TodaysDeals" tests="1" failures="0" timestamp="29 Jan 2018 21:54:00 GMT" time="11.743" errors="0">
  <testcase name="TC_02" time="11.743" classname="testScripts.TodaysDeals"/>
</testsuite> <!-- testScripts.TodaysDeals -->
